t x y vx vy r
0 0 6400000 7923 0 6400000
0,01 79,23 6400000 7923 -0,097734375 6400000,00049042
0,02 158,46 6399999,99902266 7922,99999879008 -0,195468749977532 6400000,00098434
0,03 237,689999987901 6399999,99706797 7922,99999637024 -0,293203124917512 6400000,00148176
0,04 316,919999951603 6399999,99413594 7922,99999274047 -0,390937499804853 6400000,00198268
0,05 396,149999879008 6399999,99022656 7922,99998790079 -0,48867187462447 6400000,0024871
0,06 475,379999758016 6399999,98533984 7922,99998185119 -0,586406249361279 6400000,00299501
0,07 554,609999576528 6399999,97947578 7922,99997459166 -0,684140624000193 6400000,00350643
0,08 633,839999322444 6399999,97263438 7922,99996612221 -0,781874998526128 6400000,00402134
0,09 713,069998983666 6399999,96481563 7922,99995644284 -0,879609372923998 6400000,00453975
0,1 792,299998548095 6399999,95601953 7922,99994555355 -0,977343747178718 6400000,00506166
0,11 871,52999800363 6399999,94624609 7922,99993345434 -1,0750781212752 6400000,00558707
0,12 950,759997338174 6399999,93549531 7922,99992014521 -1,17281249519837 6400000,00611598
0,13 1029,98999653963 6399999,92376719 7922,99990562616 -1,27054686893312 6400000,00664839
0,14 1109,21999559589 6399999,91106172 7922,99988989719 -1,36828124246439 6400000,0071843
0,15 1188,44999449486 6399999,89737891 7922,99987295829 -1,46601561577708 6400000,0077237
0,16 1267,67999322444 6399999,88271875 7922,99985480948 -1,56374998885611 6400000,00826661
0,17 1346,90999177254 6399999,86708125 7922,99983545074 -1,66148436168639 6400000,00881301
0,18 1426,13999012704 6399999,85046641 7922,99981488209 -1,75921873425284 6400000,00936291
0,19 1505,36998827587 6399999,83287422 7922,99979310351 -1,85695310654037 6400000,00991632
0,2 1584,5999862069 6399999,81430469 7922,99977011501 -1,95468747853389 6400000,01047322
0,21 1663,82998390805 6399999,79475781 7922,99974591659 -2,05242185021833 6400000,01103362
0,22 1743,05998136722 6399999,7742336 7922,99972050825 -2,1501562215786 6400000,01159751
0,23 1822,2899785723 6399999,75273203 7922,99969388999 -2,2478905925996 6400000,01216491
0,24 1901,5199755112 6399999,73025313 7922,9996660618 -2,34562496326626 6400000,01273581
0,25 1980,74997217182 6399999,70679688 7922,9996370237 -2,44335933356349 6400000,0133102
0,26 2059,97996854205 6399999,68236328 7922,99960677567 -2,54109370347621 6400000,0138881
0,27 2139,20996460981 6399999,65695235 7922,99957531773 -2,63882807298932 6400000,01446949
0,28 2218,43996036299 6399999,63056407 7922,99954264986 -2,73656244208775 6400000,01505438
0,29 2297,66995578949 6399999,60319844 7922,99950877207 -2,83429681075641 6400000,01564277
0,3 2376,89995087721 6399999,57485547 7922,99947368436 -2,93203117898022 6400000,01623466
0,31 2456,12994561405 6399999,54553516 7922,99943738673 -3,02976554674408 6400000,01683005
0,32 2535,35993998792 6399999,51523751 7922,99939987918 -3,12749991403291 6400000,01742893
0,33 2614,58993398671 6399999,48396251 7922,99936116171 -3,22523428083164 6400000,01803132
0,34 2693,81992759833 6399999,45171017 7922,99932123432 -3,32296864712516 6400000,01863721
0,35 2773,04992081067 6399999,41848048 7922,99928009701 -3,4207030128984 6400000,01924659
0,36 2852,27991361164 6399999,38427345 7922,99923774977 -3,51843737813628 6400000,01985947
0,37 2931,50990598914 6399999,34908907 7922,99919419262 -3,6161717428237 6400000,02047585
0,38 3010,73989793106 6399999,31292736 7922,99914942554 -3,71390610694558 6400000,02109573
0,39 3089,96988942532 6399999,2757883 7922,99910344855 -3,81164047048684 6400000,02171911
0,4 3169,19988045981 6399999,23767189 7922,99905626163 -3,90937483343239 6400000,02234599
0,41 3248,42987102242 6399999,19857814 7922,99900786479 -4,00710919576714 6400000,02297637
0,42 3327,65986110107 6399999,15850705 7922,99895825803 -4,10484355747601 6400000,02361024
0,43 3406,88985068365 6399999,11745862 7922,99890744135 -4,20257791854392 6400000,02424762
0,44 3486,11983975806 6399999,07543284 7922,99885541475 -4,30031227895578 6400000,02488849
0,45 3565,34982831221 6399999,03242971 7922,99880217823 -4,3980466386965 6400000,02553287
0,46 3644,57981633399 6399998,98844925 7922,99874773178 -4,49578099775101 6400000,02618074
0,47 3723,80980381131 6399998,94349144 7922,99869207542 -4,5935153561042 6400000,02683211
0,48 3803,03979073207 6399998,89755628 7922,99863520914 -4,691249713741 6400000,02748698
0,49 3882,26977708416 6399998,85064379 7922,99857713293 -4,78898407064633 6400000,02814534
0,5 3961,49976285549 6399998,80275395 7922,9985178468 -4,88671842680509 6400000,02880721
0,51 4040,72974803395 6399998,75388676 7922,99845735076 -4,98445278220221 6400000,02947258
0,52 4119,95973260746 6399998,70404223 7922,99839564479 -5,08218713682259 6400000,03014144
0,53 4199,18971656391 6399998,65322036 7922,9983327289 -5,17992149065116 6400000,03081381
0,54 4278,4196998912 6399998,60142115 7922,99826860309 -5,27765584367282 6400000,03148967
0,55 4357,64968257723 6399998,54864459 7922,99820326736 -5,37539019587249 6400000,03216903
0,56 4436,8796646099 6399998,49489069 7922,99813672171 -5,47312454723509 6400000,03285189
0,57 4516,10964597712 6399998,44015944 7922,99806896614 -5,57085889774553 6400000,03353825
0,58 4595,33962666678 6399998,38445085 7922,99800000065 -5,66859324738872 6400000,03422811
0,59 4674,56960666679 6399998,32776492 7922,99792982524 -5,76632759614958 6400000,03492147
0,6 4753,79958596504 6399998,27010164 7922,99785843991 -5,86406194401303 6400000,03561832
0,61 4833,02956454944 6399998,21146102 7922,99778584465 -5,96179629096398 6400000,03631868
0,62 4912,25954240789 6399998,15184306 7922,99771203948 -6,05953063698734 6400000,03702253
0,63 4991,48951952828 6399998,09124776 7922,99763702438 -6,15726498206803 6400000,03772989
0,64 5070,71949589852 6399998,02967511 7922,99756079937 -6,25499932619096 6400000,03844074
0,65 5149,94947150652 6399997,96712511 7922,99748336443 -6,35273366934106 6400000,03915509
0,66 5229,17944634016 6399997,90359778 7922,99740471957 -6,45046801150322 6400000,03987294
0,67 5308,40942038736 6399997,8390931 7922,9973248648 -6,54820235266237 6400000,04059429
0,68 5387,63939363601 6399997,77361107 7922,9972438001 -6,64593669280343 6400000,04131913
0,69 5466,86936607401 6399997,70715171 7922,99716152548 -6,7436710319113 6400000,04204748
0,7 5546,09933768926 6399997,639715 7922,99707804094 -6,8414053699709 6400000,04277933
0,71 5625,32930846967 6399997,57130094 7922,99699334648 -6,93913970696715 6400000,04351467
0,72 5704,55927840314 6399997,50190954 7922,9969074421 -7,03687404288496 6400000,04425351
0,73 5783,78924747756 6399997,4315408 7922,9968203278 -7,13460837770924 6400000,04499586
0,74 5863,01921568083 6399997,36019472 7922,99673200358 -7,23234271142492 6400000,0457417
0,75 5942,24918300087 6399997,28787129 7922,99664246944 -7,3300770440169 6400000,04649104
0,76 6021,47914942557 6399997,21457052 7922,99655172538 -7,4278113754701 6400000,04724387
0,77 6100,70911494282 6399997,14029241 7922,99645977139 -7,52554570576944 6400000,04800021
0,78 6179,93907954053 6399997,06503695 7922,99636660749 -7,62328003489982 6400000,04876005
0,79 6259,16904320661 6399996,98880415 7922,99627223367 -7,72101436284617 6400000,04952338
0,8 6338,39900592894 6399996,91159401 7922,99617664992 -7,8187486895934 6400000,05029022
0,810000000000001 6417,62896769544 6399996,83340652 7922,99607985626 -7,91648301512642 6400000,05106055
0,820000000000001 6496,85892849401 6399996,75424169 7922,99598185267 -8,01421733943014 6400000,05183438
0,830000000000001 6576,08888831253 6399996,67409952 7922,99588263917 -8,11195166248949 6400000,05261172
0,840000000000001 6655,31884713892 6399996,59298 7922,99578221574 -8,20968598428938 6400000,05339255
0,850000000000001 6734,54880496108 6399996,51088314 7922,9956805824 -8,30742030481472 6400000,05417687
0,860000000000001 6813,7787617669 6399996,42780894 7922,99557773913 -8,40515462405043 6400000,0549647
0,870000000000001 6893,0087175443 6399996,34375739 7922,99547368595 -8,50288894198142 6400000,05575603
0,880000000000001 6972,23867228116 6399996,2587285 7922,99536842284 -8,6006232585926 6400000,05655085
0,890000000000001 7051,46862596538 6399996,17272227 7922,99526194981 -8,6983575738689 6400000,05734918
0,900000000000001 7130,69857858488 6399996,08573869 7922,99515426687 -8,79609188779522 6400000,058151
0,910000000000001 7209,92853012755 6399995,99777778 7922,995045374 -8,89382620035648 6400000,05895632
0,920000000000001 7289,15848058129 6399995,90883951 7922,99493527121 -8,9915605115376 6400000,05976515
0,930000000000001 7368,388429934 6399995,81892391 7922,9948239585 -9,08929482132348 6400000,06057747
0,940000000000001 7447,61837817359 6399995,72803096 7922,99471143587 -9,18702912969905 6400000,06139328
0,950000000000001 7526,84832528795 6399995,63616067 7922,99459770333 -9,28476343664922 6400000,0622126
0,960000000000001 7606,07827126498 6399995,54331303 7922,99448276086 -9,38249774215891 6400000,06303542
0,970000000000001 7685,30821609259 6399995,44948806 7922,99436660847 -9,48023204621302 6400000,06386174
0,980000000000001 7764,53815975867 6399995,35468574 7922,99424924616 -9,57796634879647 6400000,06469155
0,990000000000001 7843,76810225113 6399995,25890607 7922,99413067393 -9,67570064989419 6400000,06552486
1 7922,99804355787 6399995,16214907 7922,99401089179 -9,77343494949107 6400000,06636168
